Starting SpringBatchTestsApplication using Java 17.0.10 with PID 5788 (C:\Users\tiago\workspace\personal\spring-batch-tests\target\classes started by tiago in C:\Users\tiago\workspace\personal\spring-batch-tests)
No active profile set, falling back to 1 default profile: "default"
@Bean method PropsConfig.config is non-static and returns an object assignable to Spring's BeanFactoryPostProcessor interface. This will result in a failure to process annotations such as @Autowired, @Resource and @PostConstruct within the method's declaring @Configuration class. Add the 'static' modifier to this method to avoid these container lifecycle issues; see @Bean javadoc for complete details.
Bean 'dataSourceConfig' of type [com.tiagobarbosa.springbatchtests.config.DataSourceConfig$$SpringCGLIB$$0] is not eligible for getting processed by all BeanPostProcessors (for example: not eligible for auto-proxying). Is this bean getting eagerly injected into a currently created BeanPostProcessor [jobRegistryBeanPostProcessor]? Check the corresponding BeanPostProcessor declaration and its dependencies.
Bean 'springDataSource' of type [com.zaxxer.hikari.HikariDataSource] is not eligible for getting processed by all BeanPostProcessors (for example: not eligible for auto-proxying). Is this bean getting eagerly injected into a currently created BeanPostProcessor [jobRegistryBeanPostProcessor]? Check the corresponding BeanPostProcessor declaration and its dependencies.
Bean 'org.springframework.boot.autoconfigure.jdbc.DataSourceTransactionManagerAutoConfiguration$JdbcTransactionManagerConfiguration' of type [org.springframework.boot.autoconfigure.jdbc.DataSourceTransactionManagerAutoConfiguration$JdbcTransactionManagerConfiguration] is not eligible for getting processed by all BeanPostProcessors (for example: not eligible for auto-proxying). Is this bean getting eagerly injected into a currently created BeanPostProcessor [jobRegistryBeanPostProcessor]? Check the corresponding BeanPostProcessor declaration and its dependencies.
Bean 'org.springframework.boot.autoconfigure.transaction.TransactionManagerCustomizationAutoConfiguration' of type [org.springframework.boot.autoconfigure.transaction.TransactionManagerCustomizationAutoConfiguration] is not eligible for getting processed by all BeanPostProcessors (for example: not eligible for auto-proxying). Is this bean getting eagerly injected into a currently created BeanPostProcessor [jobRegistryBeanPostProcessor]? Check the corresponding BeanPostProcessor declaration and its dependencies.
Bean 'transactionExecutionListeners' of type [org.springframework.boot.autoconfigure.transaction.ExecutionListenersTransactionManagerCustomizer] is not eligible for getting processed by all BeanPostProcessors (for example: not eligible for auto-proxying). Is this bean getting eagerly injected into a currently created BeanPostProcessor [jobRegistryBeanPostProcessor]? Check the corresponding BeanPostProcessor declaration and its dependencies.
Bean 'spring.transaction-org.springframework.boot.autoconfigure.transaction.TransactionProperties' of type [org.springframework.boot.autoconfigure.transaction.TransactionProperties] is not eligible for getting processed by all BeanPostProcessors (for example: not eligible for auto-proxying). Is this bean getting eagerly injected into a currently created BeanPostProcessor [jobRegistryBeanPostProcessor]? Check the corresponding BeanPostProcessor declaration and its dependencies.
Bean 'platformTransactionManagerCustomizers' of type [org.springframework.boot.autoconfigure.transaction.TransactionManagerCustomizers] is not eligible for getting processed by all BeanPostProcessors (for example: not eligible for auto-proxying). Is this bean getting eagerly injected into a currently created BeanPostProcessor [jobRegistryBeanPostProcessor]? Check the corresponding BeanPostProcessor declaration and its dependencies.
Bean 'transactionManager' of type [org.springframework.jdbc.support.JdbcTransactionManager] is not eligible for getting processed by all BeanPostProcessors (for example: not eligible for auto-proxying). Is this bean getting eagerly injected into a currently created BeanPostProcessor [jobRegistryBeanPostProcessor]? Check the corresponding BeanPostProcessor declaration and its dependencies.
Bean 'spring.batch-org.springframework.boot.autoconfigure.batch.BatchProperties' of type [org.springframework.boot.autoconfigure.batch.BatchProperties] is not eligible for getting processed by all BeanPostProcessors (for example: not eligible for auto-proxying). Is this bean getting eagerly injected into a currently created BeanPostProcessor [jobRegistryBeanPostProcessor]? Check the corresponding BeanPostProcessor declaration and its dependencies.
Bean 'org.springframework.boot.autoconfigure.batch.BatchAutoConfiguration$SpringBootBatchConfiguration' of type [org.springframework.boot.autoconfigure.batch.BatchAutoConfiguration$SpringBootBatchConfiguration] is not eligible for getting processed by all BeanPostProcessors (for example: not eligible for auto-proxying). The currently created BeanPostProcessor [jobRegistryBeanPostProcessor] is declared through a non-static factory method on that class; consider declaring it as static instead.
HikariPool-1 - Starting...
HikariPool-1 - Added connection com.mysql.cj.jdbc.ConnectionImpl@3ce443f9
HikariPool-1 - Start completed.
Started SpringBatchTestsApplication in 1.225 seconds (process running for 1.784)
Job: [SimpleJob: [name=FirstJob!!]] launched with the following parameters: [{'run.id':'{value=3, type=class java.lang.Long, identifying=true}'}]
Executing step: [FirstStep!!!]
Step: [FirstStep!!!] executed in 40ms
Executing step: [imprimeParImparStep]
Step: [imprimeParImparStep] executed in 45ms
Job: [SimpleJob: [name=FirstJob!!]] completed with the following parameters: [{'run.id':'{value=3, type=class java.lang.Long, identifying=true}'}] and the following status: [COMPLETED] in 179ms
HikariPool-1 - Shutdown initiated...
HikariPool-1 - Shutdown completed.
Starting SpringBatchTestsApplication using Java 17.0.10 with PID 28900 (C:\Users\tiago\workspace\personal\spring-batch-tests\target\classes started by tiago in C:\Users\tiago\workspace\personal\spring-batch-tests)
No active profile set, falling back to 1 default profile: "default"
@Bean method PropsConfig.config is non-static and returns an object assignable to Spring's BeanFactoryPostProcessor interface. This will result in a failure to process annotations such as @Autowired, @Resource and @PostConstruct within the method's declaring @Configuration class. Add the 'static' modifier to this method to avoid these container lifecycle issues; see @Bean javadoc for complete details.
Bean 'dataSourceConfig' of type [com.tiagobarbosa.springbatchtests.config.DataSourceConfig$$SpringCGLIB$$0] is not eligible for getting processed by all BeanPostProcessors (for example: not eligible for auto-proxying). Is this bean getting eagerly injected into a currently created BeanPostProcessor [jobRegistryBeanPostProcessor]? Check the corresponding BeanPostProcessor declaration and its dependencies.
Bean 'springDataSource' of type [com.zaxxer.hikari.HikariDataSource] is not eligible for getting processed by all BeanPostProcessors (for example: not eligible for auto-proxying). Is this bean getting eagerly injected into a currently created BeanPostProcessor [jobRegistryBeanPostProcessor]? Check the corresponding BeanPostProcessor declaration and its dependencies.
Bean 'org.springframework.boot.autoconfigure.jdbc.DataSourceTransactionManagerAutoConfiguration$JdbcTransactionManagerConfiguration' of type [org.springframework.boot.autoconfigure.jdbc.DataSourceTransactionManagerAutoConfiguration$JdbcTransactionManagerConfiguration] is not eligible for getting processed by all BeanPostProcessors (for example: not eligible for auto-proxying). Is this bean getting eagerly injected into a currently created BeanPostProcessor [jobRegistryBeanPostProcessor]? Check the corresponding BeanPostProcessor declaration and its dependencies.
Bean 'org.springframework.boot.autoconfigure.transaction.TransactionManagerCustomizationAutoConfiguration' of type [org.springframework.boot.autoconfigure.transaction.TransactionManagerCustomizationAutoConfiguration] is not eligible for getting processed by all BeanPostProcessors (for example: not eligible for auto-proxying). Is this bean getting eagerly injected into a currently created BeanPostProcessor [jobRegistryBeanPostProcessor]? Check the corresponding BeanPostProcessor declaration and its dependencies.
Bean 'transactionExecutionListeners' of type [org.springframework.boot.autoconfigure.transaction.ExecutionListenersTransactionManagerCustomizer] is not eligible for getting processed by all BeanPostProcessors (for example: not eligible for auto-proxying). Is this bean getting eagerly injected into a currently created BeanPostProcessor [jobRegistryBeanPostProcessor]? Check the corresponding BeanPostProcessor declaration and its dependencies.
Bean 'spring.transaction-org.springframework.boot.autoconfigure.transaction.TransactionProperties' of type [org.springframework.boot.autoconfigure.transaction.TransactionProperties] is not eligible for getting processed by all BeanPostProcessors (for example: not eligible for auto-proxying). Is this bean getting eagerly injected into a currently created BeanPostProcessor [jobRegistryBeanPostProcessor]? Check the corresponding BeanPostProcessor declaration and its dependencies.
Bean 'platformTransactionManagerCustomizers' of type [org.springframework.boot.autoconfigure.transaction.TransactionManagerCustomizers] is not eligible for getting processed by all BeanPostProcessors (for example: not eligible for auto-proxying). Is this bean getting eagerly injected into a currently created BeanPostProcessor [jobRegistryBeanPostProcessor]? Check the corresponding BeanPostProcessor declaration and its dependencies.
Bean 'transactionManager' of type [org.springframework.jdbc.support.JdbcTransactionManager] is not eligible for getting processed by all BeanPostProcessors (for example: not eligible for auto-proxying). Is this bean getting eagerly injected into a currently created BeanPostProcessor [jobRegistryBeanPostProcessor]? Check the corresponding BeanPostProcessor declaration and its dependencies.
Bean 'spring.batch-org.springframework.boot.autoconfigure.batch.BatchProperties' of type [org.springframework.boot.autoconfigure.batch.BatchProperties] is not eligible for getting processed by all BeanPostProcessors (for example: not eligible for auto-proxying). Is this bean getting eagerly injected into a currently created BeanPostProcessor [jobRegistryBeanPostProcessor]? Check the corresponding BeanPostProcessor declaration and its dependencies.
Bean 'org.springframework.boot.autoconfigure.batch.BatchAutoConfiguration$SpringBootBatchConfiguration' of type [org.springframework.boot.autoconfigure.batch.BatchAutoConfiguration$SpringBootBatchConfiguration] is not eligible for getting processed by all BeanPostProcessors (for example: not eligible for auto-proxying). The currently created BeanPostProcessor [jobRegistryBeanPostProcessor] is declared through a non-static factory method on that class; consider declaring it as static instead.
HikariPool-1 - Starting...
HikariPool-1 - Added connection com.mysql.cj.jdbc.ConnectionImpl@575b5f7d
HikariPool-1 - Start completed.
Started SpringBatchTestsApplication in 1.361 seconds (process running for 2.058)
Job: [SimpleJob: [name=FirstJob!!]] launched with the following parameters: [{'run.id':'{value=4, type=class java.lang.Long, identifying=true}','clientsFile':'{value=file:files/clients.txt, type=class java.lang.String, identifying=true}'}]
Executing step: [FirstStep!!!]
Step: [FirstStep!!!] executed in 51ms
Executing step: [imprimeParImparStep]
Step: [imprimeParImparStep] executed in 56ms
Job: [SimpleJob: [name=FirstJob!!]] completed with the following parameters: [{'run.id':'{value=4, type=class java.lang.Long, identifying=true}','clientsFile':'{value=file:files/clients.txt, type=class java.lang.String, identifying=true}'}] and the following status: [COMPLETED] in 226ms
HikariPool-1 - Shutdown initiated...
HikariPool-1 - Shutdown completed.
Starting SpringBatchTestsApplication using Java 17.0.10 with PID 9740 (C:\Users\tiago\workspace\personal\spring-batch-tests\target\classes started by tiago in C:\Users\tiago\workspace\personal\spring-batch-tests)
No active profile set, falling back to 1 default profile: "default"
@Bean method PropsConfig.config is non-static and returns an object assignable to Spring's BeanFactoryPostProcessor interface. This will result in a failure to process annotations such as @Autowired, @Resource and @PostConstruct within the method's declaring @Configuration class. Add the 'static' modifier to this method to avoid these container lifecycle issues; see @Bean javadoc for complete details.
Bean 'dataSourceConfig' of type [com.tiagobarbosa.springbatchtests.config.DataSourceConfig$$SpringCGLIB$$0] is not eligible for getting processed by all BeanPostProcessors (for example: not eligible for auto-proxying). Is this bean getting eagerly injected into a currently created BeanPostProcessor [jobRegistryBeanPostProcessor]? Check the corresponding BeanPostProcessor declaration and its dependencies.
Bean 'springDataSource' of type [com.zaxxer.hikari.HikariDataSource] is not eligible for getting processed by all BeanPostProcessors (for example: not eligible for auto-proxying). Is this bean getting eagerly injected into a currently created BeanPostProcessor [jobRegistryBeanPostProcessor]? Check the corresponding BeanPostProcessor declaration and its dependencies.
Bean 'org.springframework.boot.autoconfigure.jdbc.DataSourceTransactionManagerAutoConfiguration$JdbcTransactionManagerConfiguration' of type [org.springframework.boot.autoconfigure.jdbc.DataSourceTransactionManagerAutoConfiguration$JdbcTransactionManagerConfiguration] is not eligible for getting processed by all BeanPostProcessors (for example: not eligible for auto-proxying). Is this bean getting eagerly injected into a currently created BeanPostProcessor [jobRegistryBeanPostProcessor]? Check the corresponding BeanPostProcessor declaration and its dependencies.
Bean 'org.springframework.boot.autoconfigure.transaction.TransactionManagerCustomizationAutoConfiguration' of type [org.springframework.boot.autoconfigure.transaction.TransactionManagerCustomizationAutoConfiguration] is not eligible for getting processed by all BeanPostProcessors (for example: not eligible for auto-proxying). Is this bean getting eagerly injected into a currently created BeanPostProcessor [jobRegistryBeanPostProcessor]? Check the corresponding BeanPostProcessor declaration and its dependencies.
Bean 'transactionExecutionListeners' of type [org.springframework.boot.autoconfigure.transaction.ExecutionListenersTransactionManagerCustomizer] is not eligible for getting processed by all BeanPostProcessors (for example: not eligible for auto-proxying). Is this bean getting eagerly injected into a currently created BeanPostProcessor [jobRegistryBeanPostProcessor]? Check the corresponding BeanPostProcessor declaration and its dependencies.
Bean 'spring.transaction-org.springframework.boot.autoconfigure.transaction.TransactionProperties' of type [org.springframework.boot.autoconfigure.transaction.TransactionProperties] is not eligible for getting processed by all BeanPostProcessors (for example: not eligible for auto-proxying). Is this bean getting eagerly injected into a currently created BeanPostProcessor [jobRegistryBeanPostProcessor]? Check the corresponding BeanPostProcessor declaration and its dependencies.
Bean 'platformTransactionManagerCustomizers' of type [org.springframework.boot.autoconfigure.transaction.TransactionManagerCustomizers] is not eligible for getting processed by all BeanPostProcessors (for example: not eligible for auto-proxying). Is this bean getting eagerly injected into a currently created BeanPostProcessor [jobRegistryBeanPostProcessor]? Check the corresponding BeanPostProcessor declaration and its dependencies.
Bean 'transactionManager' of type [org.springframework.jdbc.support.JdbcTransactionManager] is not eligible for getting processed by all BeanPostProcessors (for example: not eligible for auto-proxying). Is this bean getting eagerly injected into a currently created BeanPostProcessor [jobRegistryBeanPostProcessor]? Check the corresponding BeanPostProcessor declaration and its dependencies.
Bean 'spring.batch-org.springframework.boot.autoconfigure.batch.BatchProperties' of type [org.springframework.boot.autoconfigure.batch.BatchProperties] is not eligible for getting processed by all BeanPostProcessors (for example: not eligible for auto-proxying). Is this bean getting eagerly injected into a currently created BeanPostProcessor [jobRegistryBeanPostProcessor]? Check the corresponding BeanPostProcessor declaration and its dependencies.
Bean 'org.springframework.boot.autoconfigure.batch.BatchAutoConfiguration$SpringBootBatchConfiguration' of type [org.springframework.boot.autoconfigure.batch.BatchAutoConfiguration$SpringBootBatchConfiguration] is not eligible for getting processed by all BeanPostProcessors (for example: not eligible for auto-proxying). The currently created BeanPostProcessor [jobRegistryBeanPostProcessor] is declared through a non-static factory method on that class; consider declaring it as static instead.
HikariPool-1 - Starting...
HikariPool-1 - Added connection com.mysql.cj.jdbc.ConnectionImpl@493ac8d3
HikariPool-1 - Start completed.
Started SpringBatchTestsApplication in 1.234 seconds (process running for 1.763)
Job: [SimpleJob: [name=FirstJob!!]] launched with the following parameters: [{'run.id':'{value=5, type=class java.lang.Long, identifying=true}','clientsFile':'{value=file:files/clients.txt, type=class java.lang.String, identifying=true}'}]
Executing step: [FirstStep!!!]
Step: [FirstStep!!!] executed in 49ms
Executing step: [imprimeParImparStep]
Step: [imprimeParImparStep] executed in 53ms
Executing step: [readFileFixedWidthStep]
Encountered an error executing step readFileFixedWidthStep in job FirstJob!!
org.springframework.batch.item.file.FlatFileParseException: Parsing error at line: 1 in resource=[URL [file:files/clients.txt]], input=[João      Silva     32 joao@test.com]
	at org.springframework.batch.item.file.FlatFileItemReader.doRead(FlatFileItemReader.java:198) ~[spring-batch-infrastructure-5.1.0.jar:5.1.0]
	at org.springframework.batch.item.support.AbstractItemCountingItemStreamItemReader.read(AbstractItemCountingItemStreamItemReader.java:93) ~[spring-batch-infrastructure-5.1.0.jar:5.1.0]
	at java.base/jdk.internal.reflect.NativeMethodAccessorImpl.invoke0(Native Method) ~[?:?]
	at java.base/jdk.internal.reflect.NativeMethodAccessorImpl.invoke(NativeMethodAccessorImpl.java:77) ~[?:?]
	at java.base/jdk.internal.reflect.DelegatingMethodAccessorImpl.invoke(DelegatingMethodAccessorImpl.java:43) ~[?:?]
	at java.base/java.lang.reflect.Method.invoke(Method.java:568) ~[?:?]
	at org.springframework.aop.support.AopUtils.invokeJoinpointUsingReflection(AopUtils.java:351) ~[spring-aop-6.1.3.jar:6.1.3]
	at org.springframework.aop.framework.ReflectiveMethodInvocation.invokeJoinpoint(ReflectiveMethodInvocation.java:196) ~[spring-aop-6.1.3.jar:6.1.3]
	at org.springframework.aop.framework.ReflectiveMethodInvocation.proceed(ReflectiveMethodInvocation.java:163) ~[spring-aop-6.1.3.jar:6.1.3]
	at org.springframework.aop.framework.CglibAopProxy$CglibMethodInvocation.proceed(CglibAopProxy.java:765) ~[spring-aop-6.1.3.jar:6.1.3]
	at org.springframework.aop.support.DelegatingIntroductionInterceptor.doProceed(DelegatingIntroductionInterceptor.java:137) ~[spring-aop-6.1.3.jar:6.1.3]
	at org.springframework.aop.support.DelegatingIntroductionInterceptor.invoke(DelegatingIntroductionInterceptor.java:124) ~[spring-aop-6.1.3.jar:6.1.3]
	at org.springframework.aop.framework.ReflectiveMethodInvocation.proceed(ReflectiveMethodInvocation.java:184) ~[spring-aop-6.1.3.jar:6.1.3]
	at org.springframework.aop.framework.CglibAopProxy$CglibMethodInvocation.proceed(CglibAopProxy.java:765) ~[spring-aop-6.1.3.jar:6.1.3]
	at org.springframework.aop.framework.CglibAopProxy$DynamicAdvisedInterceptor.intercept(CglibAopProxy.java:717) ~[spring-aop-6.1.3.jar:6.1.3]
	at org.springframework.batch.item.file.FlatFileItemReader$$SpringCGLIB$$0.read(<generated>) ~[spring-batch-infrastructure-5.1.0.jar:5.1.0]
	at org.springframework.batch.core.step.item.SimpleChunkProvider.doRead(SimpleChunkProvider.java:108) ~[spring-batch-core-5.1.0.jar:5.1.0]
	at org.springframework.batch.core.step.item.SimpleChunkProvider.read(SimpleChunkProvider.java:182) ~[spring-batch-core-5.1.0.jar:5.1.0]
	at org.springframework.batch.core.step.item.SimpleChunkProvider.lambda$provide$0(SimpleChunkProvider.java:132) ~[spring-batch-core-5.1.0.jar:5.1.0]
	at org.springframework.batch.repeat.support.RepeatTemplate.getNextResult(RepeatTemplate.java:369) ~[spring-batch-infrastructure-5.1.0.jar:5.1.0]
	at org.springframework.batch.repeat.support.RepeatTemplate.executeInternal(RepeatTemplate.java:206) ~[spring-batch-infrastructure-5.1.0.jar:5.1.0]
	at org.springframework.batch.repeat.support.RepeatTemplate.iterate(RepeatTemplate.java:140) ~[spring-batch-infrastructure-5.1.0.jar:5.1.0]
	at org.springframework.batch.core.step.item.SimpleChunkProvider.provide(SimpleChunkProvider.java:127) ~[spring-batch-core-5.1.0.jar:5.1.0]
	at org.springframework.batch.core.step.item.ChunkOrientedTasklet.execute(ChunkOrientedTasklet.java:69) ~[spring-batch-core-5.1.0.jar:5.1.0]
	at org.springframework.batch.core.step.tasklet.TaskletStep$ChunkTransactionCallback.doInTransaction(TaskletStep.java:388) ~[spring-batch-core-5.1.0.jar:5.1.0]
	at org.springframework.batch.core.step.tasklet.TaskletStep$ChunkTransactionCallback.doInTransaction(TaskletStep.java:312) ~[spring-batch-core-5.1.0.jar:5.1.0]
	at org.springframework.transaction.support.TransactionTemplate.execute(TransactionTemplate.java:140) ~[spring-tx-6.1.3.jar:6.1.3]
	at org.springframework.batch.core.step.tasklet.TaskletStep$2.doInChunkContext(TaskletStep.java:255) ~[spring-batch-core-5.1.0.jar:5.1.0]
	at org.springframework.batch.core.scope.context.StepContextRepeatCallback.doInIteration(StepContextRepeatCallback.java:82) ~[spring-batch-core-5.1.0.jar:5.1.0]
	at org.springframework.batch.repeat.support.RepeatTemplate.getNextResult(RepeatTemplate.java:369) ~[spring-batch-infrastructure-5.1.0.jar:5.1.0]
	at org.springframework.batch.repeat.support.RepeatTemplate.executeInternal(RepeatTemplate.java:206) ~[spring-batch-infrastructure-5.1.0.jar:5.1.0]
	at org.springframework.batch.repeat.support.RepeatTemplate.iterate(RepeatTemplate.java:140) ~[spring-batch-infrastructure-5.1.0.jar:5.1.0]
	at org.springframework.batch.core.step.tasklet.TaskletStep.doExecute(TaskletStep.java:240) ~[spring-batch-core-5.1.0.jar:5.1.0]
	at org.springframework.batch.core.step.AbstractStep.execute(AbstractStep.java:229) ~[spring-batch-core-5.1.0.jar:5.1.0]
	at org.springframework.batch.core.job.SimpleStepHandler.handleStep(SimpleStepHandler.java:153) ~[spring-batch-core-5.1.0.jar:5.1.0]
	at org.springframework.batch.core.job.AbstractJob.handleStep(AbstractJob.java:418) ~[spring-batch-core-5.1.0.jar:5.1.0]
	at org.springframework.batch.core.job.SimpleJob.doExecute(SimpleJob.java:132) ~[spring-batch-core-5.1.0.jar:5.1.0]
	at org.springframework.batch.core.job.AbstractJob.execute(AbstractJob.java:317) ~[spring-batch-core-5.1.0.jar:5.1.0]
	at org.springframework.batch.core.launch.support.SimpleJobLauncher$1.run(SimpleJobLauncher.java:157) ~[spring-batch-core-5.1.0.jar:5.1.0]
	at org.springframework.core.task.SyncTaskExecutor.execute(SyncTaskExecutor.java:50) ~[spring-core-6.1.3.jar:6.1.3]
	at org.springframework.batch.core.launch.support.SimpleJobLauncher.run(SimpleJobLauncher.java:148) ~[spring-batch-core-5.1.0.jar:5.1.0]
	at org.springframework.batch.core.launch.support.TaskExecutorJobLauncher.run(TaskExecutorJobLauncher.java:59) ~[spring-batch-core-5.1.0.jar:5.1.0]
	at org.springframework.boot.autoconfigure.batch.JobLauncherApplicationRunner.execute(JobLauncherApplicationRunner.java:210) ~[spring-boot-autoconfigure-3.2.2.jar:3.2.2]
	at org.springframework.boot.autoconfigure.batch.JobLauncherApplicationRunner.executeLocalJobs(JobLauncherApplicationRunner.java:194) ~[spring-boot-autoconfigure-3.2.2.jar:3.2.2]
	at org.springframework.boot.autoconfigure.batch.JobLauncherApplicationRunner.launchJobFromProperties(JobLauncherApplicationRunner.java:174) ~[spring-boot-autoconfigure-3.2.2.jar:3.2.2]
	at org.springframework.boot.autoconfigure.batch.JobLauncherApplicationRunner.run(JobLauncherApplicationRunner.java:169) ~[spring-boot-autoconfigure-3.2.2.jar:3.2.2]
	at org.springframework.boot.autoconfigure.batch.JobLauncherApplicationRunner.run(JobLauncherApplicationRunner.java:164) ~[spring-boot-autoconfigure-3.2.2.jar:3.2.2]
	at org.springframework.boot.SpringApplication.lambda$callRunner$4(SpringApplication.java:786) ~[spring-boot-3.2.2.jar:3.2.2]
	at org.springframework.util.function.ThrowingConsumer$1.acceptWithException(ThrowingConsumer.java:83) ~[spring-core-6.1.3.jar:6.1.3]
	at org.springframework.util.function.ThrowingConsumer.accept(ThrowingConsumer.java:60) ~[spring-core-6.1.3.jar:6.1.3]
	at org.springframework.util.function.ThrowingConsumer$1.accept(ThrowingConsumer.java:88) ~[spring-core-6.1.3.jar:6.1.3]
	at org.springframework.boot.SpringApplication.callRunner(SpringApplication.java:798) ~[spring-boot-3.2.2.jar:3.2.2]
	at org.springframework.boot.SpringApplication.callRunner(SpringApplication.java:786) ~[spring-boot-3.2.2.jar:3.2.2]
	at org.springframework.boot.SpringApplication.lambda$callRunners$3(SpringApplication.java:774) ~[spring-boot-3.2.2.jar:3.2.2]
	at java.base/java.util.stream.ForEachOps$ForEachOp$OfRef.accept(ForEachOps.java:183) [?:?]
	at java.base/java.util.stream.SortedOps$SizedRefSortingSink.end(SortedOps.java:357) [?:?]
	at java.base/java.util.stream.AbstractPipeline.copyInto(AbstractPipeline.java:510) [?:?]
	at java.base/java.util.stream.AbstractPipeline.wrapAndCopyInto(AbstractPipeline.java:499) [?:?]
	at java.base/java.util.stream.ForEachOps$ForEachOp.evaluateSequential(ForEachOps.java:150) [?:?]
	at java.base/java.util.stream.ForEachOps$ForEachOp$OfRef.evaluateSequential(ForEachOps.java:173) [?:?]
	at java.base/java.util.stream.AbstractPipeline.evaluate(AbstractPipeline.java:234) [?:?]
	at java.base/java.util.stream.ReferencePipeline.forEach(ReferencePipeline.java:596) [?:?]
	at org.springframework.boot.SpringApplication.callRunners(SpringApplication.java:774) [spring-boot-3.2.2.jar:3.2.2]
	at org.springframework.boot.SpringApplication.run(SpringApplication.java:341) [spring-boot-3.2.2.jar:3.2.2]
	at org.springframework.boot.SpringApplication.run(SpringApplication.java:1354) [spring-boot-3.2.2.jar:3.2.2]
	at org.springframework.boot.SpringApplication.run(SpringApplication.java:1343) [spring-boot-3.2.2.jar:3.2.2]
	at com.tiagobarbosa.springbatchtests.SpringBatchTestsApplication.main(SpringBatchTestsApplication.java:10) [classes/:?]
Caused by: org.springframework.batch.item.file.transform.IncorrectLineLengthException: Line is shorter than max range 43
	at org.springframework.batch.item.file.transform.FixedLengthTokenizer.doTokenize(FixedLengthTokenizer.java:105) ~[spring-batch-infrastructure-5.1.0.jar:5.1.0]
	at org.springframework.batch.item.file.transform.AbstractLineTokenizer.tokenize(AbstractLineTokenizer.java:121) ~[spring-batch-infrastructure-5.1.0.jar:5.1.0]
	at org.springframework.batch.item.file.mapping.DefaultLineMapper.mapLine(DefaultLineMapper.java:42) ~[spring-batch-infrastructure-5.1.0.jar:5.1.0]
	at org.springframework.batch.item.file.FlatFileItemReader.doRead(FlatFileItemReader.java:194) ~[spring-batch-infrastructure-5.1.0.jar:5.1.0]
	... 66 more
Step: [readFileFixedWidthStep] executed in 54ms
Job: [SimpleJob: [name=FirstJob!!]] completed with the following parameters: [{'run.id':'{value=5, type=class java.lang.Long, identifying=true}','clientsFile':'{value=file:files/clients.txt, type=class java.lang.String, identifying=true}'}] and the following status: [FAILED] in 313ms
HikariPool-1 - Shutdown initiated...
HikariPool-1 - Shutdown completed.
Starting SpringBatchTestsApplication using Java 17.0.10 with PID 29340 (C:\Users\tiago\workspace\personal\spring-batch-tests\target\classes started by tiago in C:\Users\tiago\workspace\personal\spring-batch-tests)
No active profile set, falling back to 1 default profile: "default"
@Bean method PropsConfig.config is non-static and returns an object assignable to Spring's BeanFactoryPostProcessor interface. This will result in a failure to process annotations such as @Autowired, @Resource and @PostConstruct within the method's declaring @Configuration class. Add the 'static' modifier to this method to avoid these container lifecycle issues; see @Bean javadoc for complete details.
Bean 'dataSourceConfig' of type [com.tiagobarbosa.springbatchtests.config.DataSourceConfig$$SpringCGLIB$$0] is not eligible for getting processed by all BeanPostProcessors (for example: not eligible for auto-proxying). Is this bean getting eagerly injected into a currently created BeanPostProcessor [jobRegistryBeanPostProcessor]? Check the corresponding BeanPostProcessor declaration and its dependencies.
Bean 'springDataSource' of type [com.zaxxer.hikari.HikariDataSource] is not eligible for getting processed by all BeanPostProcessors (for example: not eligible for auto-proxying). Is this bean getting eagerly injected into a currently created BeanPostProcessor [jobRegistryBeanPostProcessor]? Check the corresponding BeanPostProcessor declaration and its dependencies.
Bean 'org.springframework.boot.autoconfigure.jdbc.DataSourceTransactionManagerAutoConfiguration$JdbcTransactionManagerConfiguration' of type [org.springframework.boot.autoconfigure.jdbc.DataSourceTransactionManagerAutoConfiguration$JdbcTransactionManagerConfiguration] is not eligible for getting processed by all BeanPostProcessors (for example: not eligible for auto-proxying). Is this bean getting eagerly injected into a currently created BeanPostProcessor [jobRegistryBeanPostProcessor]? Check the corresponding BeanPostProcessor declaration and its dependencies.
Bean 'org.springframework.boot.autoconfigure.transaction.TransactionManagerCustomizationAutoConfiguration' of type [org.springframework.boot.autoconfigure.transaction.TransactionManagerCustomizationAutoConfiguration] is not eligible for getting processed by all BeanPostProcessors (for example: not eligible for auto-proxying). Is this bean getting eagerly injected into a currently created BeanPostProcessor [jobRegistryBeanPostProcessor]? Check the corresponding BeanPostProcessor declaration and its dependencies.
Bean 'transactionExecutionListeners' of type [org.springframework.boot.autoconfigure.transaction.ExecutionListenersTransactionManagerCustomizer] is not eligible for getting processed by all BeanPostProcessors (for example: not eligible for auto-proxying). Is this bean getting eagerly injected into a currently created BeanPostProcessor [jobRegistryBeanPostProcessor]? Check the corresponding BeanPostProcessor declaration and its dependencies.
Bean 'spring.transaction-org.springframework.boot.autoconfigure.transaction.TransactionProperties' of type [org.springframework.boot.autoconfigure.transaction.TransactionProperties] is not eligible for getting processed by all BeanPostProcessors (for example: not eligible for auto-proxying). Is this bean getting eagerly injected into a currently created BeanPostProcessor [jobRegistryBeanPostProcessor]? Check the corresponding BeanPostProcessor declaration and its dependencies.
Bean 'platformTransactionManagerCustomizers' of type [org.springframework.boot.autoconfigure.transaction.TransactionManagerCustomizers] is not eligible for getting processed by all BeanPostProcessors (for example: not eligible for auto-proxying). Is this bean getting eagerly injected into a currently created BeanPostProcessor [jobRegistryBeanPostProcessor]? Check the corresponding BeanPostProcessor declaration and its dependencies.
Bean 'transactionManager' of type [org.springframework.jdbc.support.JdbcTransactionManager] is not eligible for getting processed by all BeanPostProcessors (for example: not eligible for auto-proxying). Is this bean getting eagerly injected into a currently created BeanPostProcessor [jobRegistryBeanPostProcessor]? Check the corresponding BeanPostProcessor declaration and its dependencies.
Bean 'spring.batch-org.springframework.boot.autoconfigure.batch.BatchProperties' of type [org.springframework.boot.autoconfigure.batch.BatchProperties] is not eligible for getting processed by all BeanPostProcessors (for example: not eligible for auto-proxying). Is this bean getting eagerly injected into a currently created BeanPostProcessor [jobRegistryBeanPostProcessor]? Check the corresponding BeanPostProcessor declaration and its dependencies.
Bean 'org.springframework.boot.autoconfigure.batch.BatchAutoConfiguration$SpringBootBatchConfiguration' of type [org.springframework.boot.autoconfigure.batch.BatchAutoConfiguration$SpringBootBatchConfiguration] is not eligible for getting processed by all BeanPostProcessors (for example: not eligible for auto-proxying). The currently created BeanPostProcessor [jobRegistryBeanPostProcessor] is declared through a non-static factory method on that class; consider declaring it as static instead.
HikariPool-1 - Starting...
HikariPool-1 - Added connection com.mysql.cj.jdbc.ConnectionImpl@794366a5
HikariPool-1 - Start completed.
Started SpringBatchTestsApplication in 1.283 seconds (process running for 1.817)
Job: [SimpleJob: [name=FirstJob!!]] launched with the following parameters: [{'run.id':'{value=6, type=class java.lang.Long, identifying=true}','clientsFile':'{value=file:files/clients.txt, type=class java.lang.String, identifying=true}'}]
Executing step: [FirstStep!!!]
Step: [FirstStep!!!] executed in 35ms
Executing step: [imprimeParImparStep]
Step: [imprimeParImparStep] executed in 53ms
Executing step: [readFileFixedWidthStep]
Encountered an error executing step readFileFixedWidthStep in job FirstJob!!
org.springframework.batch.item.file.FlatFileParseException: Parsing error at line: 1 in resource=[URL [file:files/clients.txt]], input=[João      Silva     32 joao@test.com      ]
	at org.springframework.batch.item.file.FlatFileItemReader.doRead(FlatFileItemReader.java:198) ~[spring-batch-infrastructure-5.1.0.jar:5.1.0]
	at org.springframework.batch.item.support.AbstractItemCountingItemStreamItemReader.read(AbstractItemCountingItemStreamItemReader.java:93) ~[spring-batch-infrastructure-5.1.0.jar:5.1.0]
	at java.base/jdk.internal.reflect.NativeMethodAccessorImpl.invoke0(Native Method) ~[?:?]
	at java.base/jdk.internal.reflect.NativeMethodAccessorImpl.invoke(NativeMethodAccessorImpl.java:77) ~[?:?]
	at java.base/jdk.internal.reflect.DelegatingMethodAccessorImpl.invoke(DelegatingMethodAccessorImpl.java:43) ~[?:?]
	at java.base/java.lang.reflect.Method.invoke(Method.java:568) ~[?:?]
	at org.springframework.aop.support.AopUtils.invokeJoinpointUsingReflection(AopUtils.java:351) ~[spring-aop-6.1.3.jar:6.1.3]
	at org.springframework.aop.framework.ReflectiveMethodInvocation.invokeJoinpoint(ReflectiveMethodInvocation.java:196) ~[spring-aop-6.1.3.jar:6.1.3]
	at org.springframework.aop.framework.ReflectiveMethodInvocation.proceed(ReflectiveMethodInvocation.java:163) ~[spring-aop-6.1.3.jar:6.1.3]
	at org.springframework.aop.framework.CglibAopProxy$CglibMethodInvocation.proceed(CglibAopProxy.java:765) ~[spring-aop-6.1.3.jar:6.1.3]
	at org.springframework.aop.support.DelegatingIntroductionInterceptor.doProceed(DelegatingIntroductionInterceptor.java:137) ~[spring-aop-6.1.3.jar:6.1.3]
	at org.springframework.aop.support.DelegatingIntroductionInterceptor.invoke(DelegatingIntroductionInterceptor.java:124) ~[spring-aop-6.1.3.jar:6.1.3]
	at org.springframework.aop.framework.ReflectiveMethodInvocation.proceed(ReflectiveMethodInvocation.java:184) ~[spring-aop-6.1.3.jar:6.1.3]
	at org.springframework.aop.framework.CglibAopProxy$CglibMethodInvocation.proceed(CglibAopProxy.java:765) ~[spring-aop-6.1.3.jar:6.1.3]
	at org.springframework.aop.framework.CglibAopProxy$DynamicAdvisedInterceptor.intercept(CglibAopProxy.java:717) ~[spring-aop-6.1.3.jar:6.1.3]
	at org.springframework.batch.item.file.FlatFileItemReader$$SpringCGLIB$$0.read(<generated>) ~[spring-batch-infrastructure-5.1.0.jar:5.1.0]
	at org.springframework.batch.core.step.item.SimpleChunkProvider.doRead(SimpleChunkProvider.java:108) ~[spring-batch-core-5.1.0.jar:5.1.0]
	at org.springframework.batch.core.step.item.SimpleChunkProvider.read(SimpleChunkProvider.java:182) ~[spring-batch-core-5.1.0.jar:5.1.0]
	at org.springframework.batch.core.step.item.SimpleChunkProvider.lambda$provide$0(SimpleChunkProvider.java:132) ~[spring-batch-core-5.1.0.jar:5.1.0]
	at org.springframework.batch.repeat.support.RepeatTemplate.getNextResult(RepeatTemplate.java:369) ~[spring-batch-infrastructure-5.1.0.jar:5.1.0]
	at org.springframework.batch.repeat.support.RepeatTemplate.executeInternal(RepeatTemplate.java:206) ~[spring-batch-infrastructure-5.1.0.jar:5.1.0]
	at org.springframework.batch.repeat.support.RepeatTemplate.iterate(RepeatTemplate.java:140) ~[spring-batch-infrastructure-5.1.0.jar:5.1.0]
	at org.springframework.batch.core.step.item.SimpleChunkProvider.provide(SimpleChunkProvider.java:127) ~[spring-batch-core-5.1.0.jar:5.1.0]
	at org.springframework.batch.core.step.item.ChunkOrientedTasklet.execute(ChunkOrientedTasklet.java:69) ~[spring-batch-core-5.1.0.jar:5.1.0]
	at org.springframework.batch.core.step.tasklet.TaskletStep$ChunkTransactionCallback.doInTransaction(TaskletStep.java:388) ~[spring-batch-core-5.1.0.jar:5.1.0]
	at org.springframework.batch.core.step.tasklet.TaskletStep$ChunkTransactionCallback.doInTransaction(TaskletStep.java:312) ~[spring-batch-core-5.1.0.jar:5.1.0]
	at org.springframework.transaction.support.TransactionTemplate.execute(TransactionTemplate.java:140) ~[spring-tx-6.1.3.jar:6.1.3]
	at org.springframework.batch.core.step.tasklet.TaskletStep$2.doInChunkContext(TaskletStep.java:255) ~[spring-batch-core-5.1.0.jar:5.1.0]
	at org.springframework.batch.core.scope.context.StepContextRepeatCallback.doInIteration(StepContextRepeatCallback.java:82) ~[spring-batch-core-5.1.0.jar:5.1.0]
	at org.springframework.batch.repeat.support.RepeatTemplate.getNextResult(RepeatTemplate.java:369) ~[spring-batch-infrastructure-5.1.0.jar:5.1.0]
	at org.springframework.batch.repeat.support.RepeatTemplate.executeInternal(RepeatTemplate.java:206) ~[spring-batch-infrastructure-5.1.0.jar:5.1.0]
	at org.springframework.batch.repeat.support.RepeatTemplate.iterate(RepeatTemplate.java:140) ~[spring-batch-infrastructure-5.1.0.jar:5.1.0]
	at org.springframework.batch.core.step.tasklet.TaskletStep.doExecute(TaskletStep.java:240) ~[spring-batch-core-5.1.0.jar:5.1.0]
	at org.springframework.batch.core.step.AbstractStep.execute(AbstractStep.java:229) ~[spring-batch-core-5.1.0.jar:5.1.0]
	at org.springframework.batch.core.job.SimpleStepHandler.handleStep(SimpleStepHandler.java:153) ~[spring-batch-core-5.1.0.jar:5.1.0]
	at org.springframework.batch.core.job.AbstractJob.handleStep(AbstractJob.java:418) ~[spring-batch-core-5.1.0.jar:5.1.0]
	at org.springframework.batch.core.job.SimpleJob.doExecute(SimpleJob.java:132) ~[spring-batch-core-5.1.0.jar:5.1.0]
	at org.springframework.batch.core.job.AbstractJob.execute(AbstractJob.java:317) ~[spring-batch-core-5.1.0.jar:5.1.0]
	at org.springframework.batch.core.launch.support.SimpleJobLauncher$1.run(SimpleJobLauncher.java:157) ~[spring-batch-core-5.1.0.jar:5.1.0]
	at org.springframework.core.task.SyncTaskExecutor.execute(SyncTaskExecutor.java:50) ~[spring-core-6.1.3.jar:6.1.3]
	at org.springframework.batch.core.launch.support.SimpleJobLauncher.run(SimpleJobLauncher.java:148) ~[spring-batch-core-5.1.0.jar:5.1.0]
	at org.springframework.batch.core.launch.support.TaskExecutorJobLauncher.run(TaskExecutorJobLauncher.java:59) ~[spring-batch-core-5.1.0.jar:5.1.0]
	at org.springframework.boot.autoconfigure.batch.JobLauncherApplicationRunner.execute(JobLauncherApplicationRunner.java:210) ~[spring-boot-autoconfigure-3.2.2.jar:3.2.2]
	at org.springframework.boot.autoconfigure.batch.JobLauncherApplicationRunner.executeLocalJobs(JobLauncherApplicationRunner.java:194) ~[spring-boot-autoconfigure-3.2.2.jar:3.2.2]
	at org.springframework.boot.autoconfigure.batch.JobLauncherApplicationRunner.launchJobFromProperties(JobLauncherApplicationRunner.java:174) ~[spring-boot-autoconfigure-3.2.2.jar:3.2.2]
	at org.springframework.boot.autoconfigure.batch.JobLauncherApplicationRunner.run(JobLauncherApplicationRunner.java:169) ~[spring-boot-autoconfigure-3.2.2.jar:3.2.2]
	at org.springframework.boot.autoconfigure.batch.JobLauncherApplicationRunner.run(JobLauncherApplicationRunner.java:164) ~[spring-boot-autoconfigure-3.2.2.jar:3.2.2]
	at org.springframework.boot.SpringApplication.lambda$callRunner$4(SpringApplication.java:786) ~[spring-boot-3.2.2.jar:3.2.2]
	at org.springframework.util.function.ThrowingConsumer$1.acceptWithException(ThrowingConsumer.java:83) ~[spring-core-6.1.3.jar:6.1.3]
	at org.springframework.util.function.ThrowingConsumer.accept(ThrowingConsumer.java:60) ~[spring-core-6.1.3.jar:6.1.3]
	at org.springframework.util.function.ThrowingConsumer$1.accept(ThrowingConsumer.java:88) ~[spring-core-6.1.3.jar:6.1.3]
	at org.springframework.boot.SpringApplication.callRunner(SpringApplication.java:798) ~[spring-boot-3.2.2.jar:3.2.2]
	at org.springframework.boot.SpringApplication.callRunner(SpringApplication.java:786) ~[spring-boot-3.2.2.jar:3.2.2]
	at org.springframework.boot.SpringApplication.lambda$callRunners$3(SpringApplication.java:774) ~[spring-boot-3.2.2.jar:3.2.2]
	at java.base/java.util.stream.ForEachOps$ForEachOp$OfRef.accept(ForEachOps.java:183) [?:?]
	at java.base/java.util.stream.SortedOps$SizedRefSortingSink.end(SortedOps.java:357) [?:?]
	at java.base/java.util.stream.AbstractPipeline.copyInto(AbstractPipeline.java:510) [?:?]
	at java.base/java.util.stream.AbstractPipeline.wrapAndCopyInto(AbstractPipeline.java:499) [?:?]
	at java.base/java.util.stream.ForEachOps$ForEachOp.evaluateSequential(ForEachOps.java:150) [?:?]
	at java.base/java.util.stream.ForEachOps$ForEachOp$OfRef.evaluateSequential(ForEachOps.java:173) [?:?]
	at java.base/java.util.stream.AbstractPipeline.evaluate(AbstractPipeline.java:234) [?:?]
	at java.base/java.util.stream.ReferencePipeline.forEach(ReferencePipeline.java:596) [?:?]
	at org.springframework.boot.SpringApplication.callRunners(SpringApplication.java:774) [spring-boot-3.2.2.jar:3.2.2]
	at org.springframework.boot.SpringApplication.run(SpringApplication.java:341) [spring-boot-3.2.2.jar:3.2.2]
	at org.springframework.boot.SpringApplication.run(SpringApplication.java:1354) [spring-boot-3.2.2.jar:3.2.2]
	at org.springframework.boot.SpringApplication.run(SpringApplication.java:1343) [spring-boot-3.2.2.jar:3.2.2]
	at com.tiagobarbosa.springbatchtests.SpringBatchTestsApplication.main(SpringBatchTestsApplication.java:10) [classes/:?]
Caused by: org.springframework.batch.item.file.transform.IncorrectLineLengthException: Line is shorter than max range 43
	at org.springframework.batch.item.file.transform.FixedLengthTokenizer.doTokenize(FixedLengthTokenizer.java:105) ~[spring-batch-infrastructure-5.1.0.jar:5.1.0]
	at org.springframework.batch.item.file.transform.AbstractLineTokenizer.tokenize(AbstractLineTokenizer.java:121) ~[spring-batch-infrastructure-5.1.0.jar:5.1.0]
	at org.springframework.batch.item.file.mapping.DefaultLineMapper.mapLine(DefaultLineMapper.java:42) ~[spring-batch-infrastructure-5.1.0.jar:5.1.0]
	at org.springframework.batch.item.file.FlatFileItemReader.doRead(FlatFileItemReader.java:194) ~[spring-batch-infrastructure-5.1.0.jar:5.1.0]
	... 66 more
Step: [readFileFixedWidthStep] executed in 56ms
Job: [SimpleJob: [name=FirstJob!!]] completed with the following parameters: [{'run.id':'{value=6, type=class java.lang.Long, identifying=true}','clientsFile':'{value=file:files/clients.txt, type=class java.lang.String, identifying=true}'}] and the following status: [FAILED] in 287ms
HikariPool-1 - Shutdown initiated...
HikariPool-1 - Shutdown completed.
Starting SpringBatchTestsApplication using Java 17.0.10 with PID 17260 (C:\Users\tiago\workspace\personal\spring-batch-tests\target\classes started by tiago in C:\Users\tiago\workspace\personal\spring-batch-tests)
No active profile set, falling back to 1 default profile: "default"
@Bean method PropsConfig.config is non-static and returns an object assignable to Spring's BeanFactoryPostProcessor interface. This will result in a failure to process annotations such as @Autowired, @Resource and @PostConstruct within the method's declaring @Configuration class. Add the 'static' modifier to this method to avoid these container lifecycle issues; see @Bean javadoc for complete details.
Bean 'dataSourceConfig' of type [com.tiagobarbosa.springbatchtests.config.DataSourceConfig$$SpringCGLIB$$0] is not eligible for getting processed by all BeanPostProcessors (for example: not eligible for auto-proxying). Is this bean getting eagerly injected into a currently created BeanPostProcessor [jobRegistryBeanPostProcessor]? Check the corresponding BeanPostProcessor declaration and its dependencies.
Bean 'springDataSource' of type [com.zaxxer.hikari.HikariDataSource] is not eligible for getting processed by all BeanPostProcessors (for example: not eligible for auto-proxying). Is this bean getting eagerly injected into a currently created BeanPostProcessor [jobRegistryBeanPostProcessor]? Check the corresponding BeanPostProcessor declaration and its dependencies.
Bean 'org.springframework.boot.autoconfigure.jdbc.DataSourceTransactionManagerAutoConfiguration$JdbcTransactionManagerConfiguration' of type [org.springframework.boot.autoconfigure.jdbc.DataSourceTransactionManagerAutoConfiguration$JdbcTransactionManagerConfiguration] is not eligible for getting processed by all BeanPostProcessors (for example: not eligible for auto-proxying). Is this bean getting eagerly injected into a currently created BeanPostProcessor [jobRegistryBeanPostProcessor]? Check the corresponding BeanPostProcessor declaration and its dependencies.
Bean 'org.springframework.boot.autoconfigure.transaction.TransactionManagerCustomizationAutoConfiguration' of type [org.springframework.boot.autoconfigure.transaction.TransactionManagerCustomizationAutoConfiguration] is not eligible for getting processed by all BeanPostProcessors (for example: not eligible for auto-proxying). Is this bean getting eagerly injected into a currently created BeanPostProcessor [jobRegistryBeanPostProcessor]? Check the corresponding BeanPostProcessor declaration and its dependencies.
Bean 'transactionExecutionListeners' of type [org.springframework.boot.autoconfigure.transaction.ExecutionListenersTransactionManagerCustomizer] is not eligible for getting processed by all BeanPostProcessors (for example: not eligible for auto-proxying). Is this bean getting eagerly injected into a currently created BeanPostProcessor [jobRegistryBeanPostProcessor]? Check the corresponding BeanPostProcessor declaration and its dependencies.
Bean 'spring.transaction-org.springframework.boot.autoconfigure.transaction.TransactionProperties' of type [org.springframework.boot.autoconfigure.transaction.TransactionProperties] is not eligible for getting processed by all BeanPostProcessors (for example: not eligible for auto-proxying). Is this bean getting eagerly injected into a currently created BeanPostProcessor [jobRegistryBeanPostProcessor]? Check the corresponding BeanPostProcessor declaration and its dependencies.
Bean 'platformTransactionManagerCustomizers' of type [org.springframework.boot.autoconfigure.transaction.TransactionManagerCustomizers] is not eligible for getting processed by all BeanPostProcessors (for example: not eligible for auto-proxying). Is this bean getting eagerly injected into a currently created BeanPostProcessor [jobRegistryBeanPostProcessor]? Check the corresponding BeanPostProcessor declaration and its dependencies.
Bean 'transactionManager' of type [org.springframework.jdbc.support.JdbcTransactionManager] is not eligible for getting processed by all BeanPostProcessors (for example: not eligible for auto-proxying). Is this bean getting eagerly injected into a currently created BeanPostProcessor [jobRegistryBeanPostProcessor]? Check the corresponding BeanPostProcessor declaration and its dependencies.
Bean 'spring.batch-org.springframework.boot.autoconfigure.batch.BatchProperties' of type [org.springframework.boot.autoconfigure.batch.BatchProperties] is not eligible for getting processed by all BeanPostProcessors (for example: not eligible for auto-proxying). Is this bean getting eagerly injected into a currently created BeanPostProcessor [jobRegistryBeanPostProcessor]? Check the corresponding BeanPostProcessor declaration and its dependencies.
Bean 'org.springframework.boot.autoconfigure.batch.BatchAutoConfiguration$SpringBootBatchConfiguration' of type [org.springframework.boot.autoconfigure.batch.BatchAutoConfiguration$SpringBootBatchConfiguration] is not eligible for getting processed by all BeanPostProcessors (for example: not eligible for auto-proxying). The currently created BeanPostProcessor [jobRegistryBeanPostProcessor] is declared through a non-static factory method on that class; consider declaring it as static instead.
HikariPool-1 - Starting...
HikariPool-1 - Added connection com.mysql.cj.jdbc.ConnectionImpl@59a79443
HikariPool-1 - Start completed.
Started SpringBatchTestsApplication in 1.236 seconds (process running for 1.775)
Job: [SimpleJob: [name=FirstJob!!]] launched with the following parameters: [{'run.id':'{value=7, type=class java.lang.Long, identifying=true}','clientsFile':'{value=file:files/clients.txt, type=class java.lang.String, identifying=true}'}]
Executing step: [FirstStep!!!]
Step: [FirstStep!!!] executed in 32ms
Executing step: [imprimeParImparStep]
Step: [imprimeParImparStep] executed in 51ms
Executing step: [readFileFixedWidthStep]
Encountered an error executing step readFileFixedWidthStep in job FirstJob!!
org.springframework.batch.item.file.FlatFileParseException: Parsing error at line: 1 in resource=[URL [file:files/clients.txt]], input=[João      Silva     32 joao@test.com]
	at org.springframework.batch.item.file.FlatFileItemReader.doRead(FlatFileItemReader.java:198) ~[spring-batch-infrastructure-5.1.0.jar:5.1.0]
	at org.springframework.batch.item.support.AbstractItemCountingItemStreamItemReader.read(AbstractItemCountingItemStreamItemReader.java:93) ~[spring-batch-infrastructure-5.1.0.jar:5.1.0]
	at java.base/jdk.internal.reflect.NativeMethodAccessorImpl.invoke0(Native Method) ~[?:?]
	at java.base/jdk.internal.reflect.NativeMethodAccessorImpl.invoke(NativeMethodAccessorImpl.java:77) ~[?:?]
	at java.base/jdk.internal.reflect.DelegatingMethodAccessorImpl.invoke(DelegatingMethodAccessorImpl.java:43) ~[?:?]
	at java.base/java.lang.reflect.Method.invoke(Method.java:568) ~[?:?]
	at org.springframework.aop.support.AopUtils.invokeJoinpointUsingReflection(AopUtils.java:351) ~[spring-aop-6.1.3.jar:6.1.3]
	at org.springframework.aop.framework.ReflectiveMethodInvocation.invokeJoinpoint(ReflectiveMethodInvocation.java:196) ~[spring-aop-6.1.3.jar:6.1.3]
	at org.springframework.aop.framework.ReflectiveMethodInvocation.proceed(ReflectiveMethodInvocation.java:163) ~[spring-aop-6.1.3.jar:6.1.3]
	at org.springframework.aop.framework.CglibAopProxy$CglibMethodInvocation.proceed(CglibAopProxy.java:765) ~[spring-aop-6.1.3.jar:6.1.3]
	at org.springframework.aop.support.DelegatingIntroductionInterceptor.doProceed(DelegatingIntroductionInterceptor.java:137) ~[spring-aop-6.1.3.jar:6.1.3]
	at org.springframework.aop.support.DelegatingIntroductionInterceptor.invoke(DelegatingIntroductionInterceptor.java:124) ~[spring-aop-6.1.3.jar:6.1.3]
	at org.springframework.aop.framework.ReflectiveMethodInvocation.proceed(ReflectiveMethodInvocation.java:184) ~[spring-aop-6.1.3.jar:6.1.3]
	at org.springframework.aop.framework.CglibAopProxy$CglibMethodInvocation.proceed(CglibAopProxy.java:765) ~[spring-aop-6.1.3.jar:6.1.3]
	at org.springframework.aop.framework.CglibAopProxy$DynamicAdvisedInterceptor.intercept(CglibAopProxy.java:717) ~[spring-aop-6.1.3.jar:6.1.3]
	at org.springframework.batch.item.file.FlatFileItemReader$$SpringCGLIB$$0.read(<generated>) ~[spring-batch-infrastructure-5.1.0.jar:5.1.0]
	at org.springframework.batch.core.step.item.SimpleChunkProvider.doRead(SimpleChunkProvider.java:108) ~[spring-batch-core-5.1.0.jar:5.1.0]
	at org.springframework.batch.core.step.item.SimpleChunkProvider.read(SimpleChunkProvider.java:182) ~[spring-batch-core-5.1.0.jar:5.1.0]
	at org.springframework.batch.core.step.item.SimpleChunkProvider.lambda$provide$0(SimpleChunkProvider.java:132) ~[spring-batch-core-5.1.0.jar:5.1.0]
	at org.springframework.batch.repeat.support.RepeatTemplate.getNextResult(RepeatTemplate.java:369) ~[spring-batch-infrastructure-5.1.0.jar:5.1.0]
	at org.springframework.batch.repeat.support.RepeatTemplate.executeInternal(RepeatTemplate.java:206) ~[spring-batch-infrastructure-5.1.0.jar:5.1.0]
	at org.springframework.batch.repeat.support.RepeatTemplate.iterate(RepeatTemplate.java:140) ~[spring-batch-infrastructure-5.1.0.jar:5.1.0]
	at org.springframework.batch.core.step.item.SimpleChunkProvider.provide(SimpleChunkProvider.java:127) ~[spring-batch-core-5.1.0.jar:5.1.0]
	at org.springframework.batch.core.step.item.ChunkOrientedTasklet.execute(ChunkOrientedTasklet.java:69) ~[spring-batch-core-5.1.0.jar:5.1.0]
	at org.springframework.batch.core.step.tasklet.TaskletStep$ChunkTransactionCallback.doInTransaction(TaskletStep.java:388) ~[spring-batch-core-5.1.0.jar:5.1.0]
	at org.springframework.batch.core.step.tasklet.TaskletStep$ChunkTransactionCallback.doInTransaction(TaskletStep.java:312) ~[spring-batch-core-5.1.0.jar:5.1.0]
	at org.springframework.transaction.support.TransactionTemplate.execute(TransactionTemplate.java:140) ~[spring-tx-6.1.3.jar:6.1.3]
	at org.springframework.batch.core.step.tasklet.TaskletStep$2.doInChunkContext(TaskletStep.java:255) ~[spring-batch-core-5.1.0.jar:5.1.0]
	at org.springframework.batch.core.scope.context.StepContextRepeatCallback.doInIteration(StepContextRepeatCallback.java:82) ~[spring-batch-core-5.1.0.jar:5.1.0]
	at org.springframework.batch.repeat.support.RepeatTemplate.getNextResult(RepeatTemplate.java:369) ~[spring-batch-infrastructure-5.1.0.jar:5.1.0]
	at org.springframework.batch.repeat.support.RepeatTemplate.executeInternal(RepeatTemplate.java:206) ~[spring-batch-infrastructure-5.1.0.jar:5.1.0]
	at org.springframework.batch.repeat.support.RepeatTemplate.iterate(RepeatTemplate.java:140) ~[spring-batch-infrastructure-5.1.0.jar:5.1.0]
	at org.springframework.batch.core.step.tasklet.TaskletStep.doExecute(TaskletStep.java:240) ~[spring-batch-core-5.1.0.jar:5.1.0]
	at org.springframework.batch.core.step.AbstractStep.execute(AbstractStep.java:229) ~[spring-batch-core-5.1.0.jar:5.1.0]
	at org.springframework.batch.core.job.SimpleStepHandler.handleStep(SimpleStepHandler.java:153) ~[spring-batch-core-5.1.0.jar:5.1.0]
	at org.springframework.batch.core.job.AbstractJob.handleStep(AbstractJob.java:418) ~[spring-batch-core-5.1.0.jar:5.1.0]
	at org.springframework.batch.core.job.SimpleJob.doExecute(SimpleJob.java:132) ~[spring-batch-core-5.1.0.jar:5.1.0]
	at org.springframework.batch.core.job.AbstractJob.execute(AbstractJob.java:317) ~[spring-batch-core-5.1.0.jar:5.1.0]
	at org.springframework.batch.core.launch.support.SimpleJobLauncher$1.run(SimpleJobLauncher.java:157) ~[spring-batch-core-5.1.0.jar:5.1.0]
	at org.springframework.core.task.SyncTaskExecutor.execute(SyncTaskExecutor.java:50) ~[spring-core-6.1.3.jar:6.1.3]
	at org.springframework.batch.core.launch.support.SimpleJobLauncher.run(SimpleJobLauncher.java:148) ~[spring-batch-core-5.1.0.jar:5.1.0]
	at org.springframework.batch.core.launch.support.TaskExecutorJobLauncher.run(TaskExecutorJobLauncher.java:59) ~[spring-batch-core-5.1.0.jar:5.1.0]
	at org.springframework.boot.autoconfigure.batch.JobLauncherApplicationRunner.execute(JobLauncherApplicationRunner.java:210) ~[spring-boot-autoconfigure-3.2.2.jar:3.2.2]
	at org.springframework.boot.autoconfigure.batch.JobLauncherApplicationRunner.executeLocalJobs(JobLauncherApplicationRunner.java:194) ~[spring-boot-autoconfigure-3.2.2.jar:3.2.2]
	at org.springframework.boot.autoconfigure.batch.JobLauncherApplicationRunner.launchJobFromProperties(JobLauncherApplicationRunner.java:174) ~[spring-boot-autoconfigure-3.2.2.jar:3.2.2]
	at org.springframework.boot.autoconfigure.batch.JobLauncherApplicationRunner.run(JobLauncherApplicationRunner.java:169) ~[spring-boot-autoconfigure-3.2.2.jar:3.2.2]
	at org.springframework.boot.autoconfigure.batch.JobLauncherApplicationRunner.run(JobLauncherApplicationRunner.java:164) ~[spring-boot-autoconfigure-3.2.2.jar:3.2.2]
	at org.springframework.boot.SpringApplication.lambda$callRunner$4(SpringApplication.java:786) ~[spring-boot-3.2.2.jar:3.2.2]
	at org.springframework.util.function.ThrowingConsumer$1.acceptWithException(ThrowingConsumer.java:83) ~[spring-core-6.1.3.jar:6.1.3]
	at org.springframework.util.function.ThrowingConsumer.accept(ThrowingConsumer.java:60) ~[spring-core-6.1.3.jar:6.1.3]
	at org.springframework.util.function.ThrowingConsumer$1.accept(ThrowingConsumer.java:88) ~[spring-core-6.1.3.jar:6.1.3]
	at org.springframework.boot.SpringApplication.callRunner(SpringApplication.java:798) ~[spring-boot-3.2.2.jar:3.2.2]
	at org.springframework.boot.SpringApplication.callRunner(SpringApplication.java:786) ~[spring-boot-3.2.2.jar:3.2.2]
	at org.springframework.boot.SpringApplication.lambda$callRunners$3(SpringApplication.java:774) ~[spring-boot-3.2.2.jar:3.2.2]
	at java.base/java.util.stream.ForEachOps$ForEachOp$OfRef.accept(ForEachOps.java:183) [?:?]
	at java.base/java.util.stream.SortedOps$SizedRefSortingSink.end(SortedOps.java:357) [?:?]
	at java.base/java.util.stream.AbstractPipeline.copyInto(AbstractPipeline.java:510) [?:?]
	at java.base/java.util.stream.AbstractPipeline.wrapAndCopyInto(AbstractPipeline.java:499) [?:?]
	at java.base/java.util.stream.ForEachOps$ForEachOp.evaluateSequential(ForEachOps.java:150) [?:?]
	at java.base/java.util.stream.ForEachOps$ForEachOp$OfRef.evaluateSequential(ForEachOps.java:173) [?:?]
	at java.base/java.util.stream.AbstractPipeline.evaluate(AbstractPipeline.java:234) [?:?]
	at java.base/java.util.stream.ReferencePipeline.forEach(ReferencePipeline.java:596) [?:?]
	at org.springframework.boot.SpringApplication.callRunners(SpringApplication.java:774) [spring-boot-3.2.2.jar:3.2.2]
	at org.springframework.boot.SpringApplication.run(SpringApplication.java:341) [spring-boot-3.2.2.jar:3.2.2]
	at org.springframework.boot.SpringApplication.run(SpringApplication.java:1354) [spring-boot-3.2.2.jar:3.2.2]
	at org.springframework.boot.SpringApplication.run(SpringApplication.java:1343) [spring-boot-3.2.2.jar:3.2.2]
	at com.tiagobarbosa.springbatchtests.SpringBatchTestsApplication.main(SpringBatchTestsApplication.java:10) [classes/:?]
Caused by: org.springframework.batch.item.file.transform.IncorrectLineLengthException: Line is shorter than max range 43
	at org.springframework.batch.item.file.transform.FixedLengthTokenizer.doTokenize(FixedLengthTokenizer.java:105) ~[spring-batch-infrastructure-5.1.0.jar:5.1.0]
	at org.springframework.batch.item.file.transform.AbstractLineTokenizer.tokenize(AbstractLineTokenizer.java:121) ~[spring-batch-infrastructure-5.1.0.jar:5.1.0]
	at org.springframework.batch.item.file.mapping.DefaultLineMapper.mapLine(DefaultLineMapper.java:42) ~[spring-batch-infrastructure-5.1.0.jar:5.1.0]
	at org.springframework.batch.item.file.FlatFileItemReader.doRead(FlatFileItemReader.java:194) ~[spring-batch-infrastructure-5.1.0.jar:5.1.0]
	... 66 more
Step: [readFileFixedWidthStep] executed in 53ms
Job: [SimpleJob: [name=FirstJob!!]] completed with the following parameters: [{'run.id':'{value=7, type=class java.lang.Long, identifying=true}','clientsFile':'{value=file:files/clients.txt, type=class java.lang.String, identifying=true}'}] and the following status: [FAILED] in 280ms
HikariPool-1 - Shutdown initiated...
HikariPool-1 - Shutdown completed.
Starting SpringBatchTestsApplication using Java 17.0.10 with PID 25564 (C:\Users\tiago\workspace\personal\spring-batch-tests\target\classes started by tiago in C:\Users\tiago\workspace\personal\spring-batch-tests)
No active profile set, falling back to 1 default profile: "default"
@Bean method PropsConfig.config is non-static and returns an object assignable to Spring's BeanFactoryPostProcessor interface. This will result in a failure to process annotations such as @Autowired, @Resource and @PostConstruct within the method's declaring @Configuration class. Add the 'static' modifier to this method to avoid these container lifecycle issues; see @Bean javadoc for complete details.
Bean 'dataSourceConfig' of type [com.tiagobarbosa.springbatchtests.config.DataSourceConfig$$SpringCGLIB$$0] is not eligible for getting processed by all BeanPostProcessors (for example: not eligible for auto-proxying). Is this bean getting eagerly injected into a currently created BeanPostProcessor [jobRegistryBeanPostProcessor]? Check the corresponding BeanPostProcessor declaration and its dependencies.
Bean 'springDataSource' of type [com.zaxxer.hikari.HikariDataSource] is not eligible for getting processed by all BeanPostProcessors (for example: not eligible for auto-proxying). Is this bean getting eagerly injected into a currently created BeanPostProcessor [jobRegistryBeanPostProcessor]? Check the corresponding BeanPostProcessor declaration and its dependencies.
Bean 'org.springframework.boot.autoconfigure.jdbc.DataSourceTransactionManagerAutoConfiguration$JdbcTransactionManagerConfiguration' of type [org.springframework.boot.autoconfigure.jdbc.DataSourceTransactionManagerAutoConfiguration$JdbcTransactionManagerConfiguration] is not eligible for getting processed by all BeanPostProcessors (for example: not eligible for auto-proxying). Is this bean getting eagerly injected into a currently created BeanPostProcessor [jobRegistryBeanPostProcessor]? Check the corresponding BeanPostProcessor declaration and its dependencies.
Bean 'org.springframework.boot.autoconfigure.transaction.TransactionManagerCustomizationAutoConfiguration' of type [org.springframework.boot.autoconfigure.transaction.TransactionManagerCustomizationAutoConfiguration] is not eligible for getting processed by all BeanPostProcessors (for example: not eligible for auto-proxying). Is this bean getting eagerly injected into a currently created BeanPostProcessor [jobRegistryBeanPostProcessor]? Check the corresponding BeanPostProcessor declaration and its dependencies.
Bean 'transactionExecutionListeners' of type [org.springframework.boot.autoconfigure.transaction.ExecutionListenersTransactionManagerCustomizer] is not eligible for getting processed by all BeanPostProcessors (for example: not eligible for auto-proxying). Is this bean getting eagerly injected into a currently created BeanPostProcessor [jobRegistryBeanPostProcessor]? Check the corresponding BeanPostProcessor declaration and its dependencies.
Bean 'spring.transaction-org.springframework.boot.autoconfigure.transaction.TransactionProperties' of type [org.springframework.boot.autoconfigure.transaction.TransactionProperties] is not eligible for getting processed by all BeanPostProcessors (for example: not eligible for auto-proxying). Is this bean getting eagerly injected into a currently created BeanPostProcessor [jobRegistryBeanPostProcessor]? Check the corresponding BeanPostProcessor declaration and its dependencies.
Bean 'platformTransactionManagerCustomizers' of type [org.springframework.boot.autoconfigure.transaction.TransactionManagerCustomizers] is not eligible for getting processed by all BeanPostProcessors (for example: not eligible for auto-proxying). Is this bean getting eagerly injected into a currently created BeanPostProcessor [jobRegistryBeanPostProcessor]? Check the corresponding BeanPostProcessor declaration and its dependencies.
Bean 'transactionManager' of type [org.springframework.jdbc.support.JdbcTransactionManager] is not eligible for getting processed by all BeanPostProcessors (for example: not eligible for auto-proxying). Is this bean getting eagerly injected into a currently created BeanPostProcessor [jobRegistryBeanPostProcessor]? Check the corresponding BeanPostProcessor declaration and its dependencies.
Bean 'spring.batch-org.springframework.boot.autoconfigure.batch.BatchProperties' of type [org.springframework.boot.autoconfigure.batch.BatchProperties] is not eligible for getting processed by all BeanPostProcessors (for example: not eligible for auto-proxying). Is this bean getting eagerly injected into a currently created BeanPostProcessor [jobRegistryBeanPostProcessor]? Check the corresponding BeanPostProcessor declaration and its dependencies.
Bean 'org.springframework.boot.autoconfigure.batch.BatchAutoConfiguration$SpringBootBatchConfiguration' of type [org.springframework.boot.autoconfigure.batch.BatchAutoConfiguration$SpringBootBatchConfiguration] is not eligible for getting processed by all BeanPostProcessors (for example: not eligible for auto-proxying). The currently created BeanPostProcessor [jobRegistryBeanPostProcessor] is declared through a non-static factory method on that class; consider declaring it as static instead.
HikariPool-1 - Starting...
HikariPool-1 - Added connection com.mysql.cj.jdbc.ConnectionImpl@59a79443
HikariPool-1 - Start completed.
Started SpringBatchTestsApplication in 1.255 seconds (process running for 1.796)
Job: [SimpleJob: [name=FirstJob!!]] launched with the following parameters: [{'run.id':'{value=8, type=class java.lang.Long, identifying=true}','clientsFile':'{value=file:files/clients.txt, type=class java.lang.String, identifying=true}'}]
Executing step: [FirstStep!!!]
Step: [FirstStep!!!] executed in 38ms
Executing step: [imprimeParImparStep]
Step: [imprimeParImparStep] executed in 61ms
Executing step: [readFileFixedWidthStep]
Encountered an error executing step readFileFixedWidthStep in job FirstJob!!
org.springframework.batch.item.file.FlatFileParseException: Parsing error at line: 1 in resource=[URL [file:files/clients.txt]], input=[João      Silva     32 joao@test.com      ]
	at org.springframework.batch.item.file.FlatFileItemReader.doRead(FlatFileItemReader.java:198) ~[spring-batch-infrastructure-5.1.0.jar:5.1.0]
	at org.springframework.batch.item.support.AbstractItemCountingItemStreamItemReader.read(AbstractItemCountingItemStreamItemReader.java:93) ~[spring-batch-infrastructure-5.1.0.jar:5.1.0]
	at java.base/jdk.internal.reflect.NativeMethodAccessorImpl.invoke0(Native Method) ~[?:?]
	at java.base/jdk.internal.reflect.NativeMethodAccessorImpl.invoke(NativeMethodAccessorImpl.java:77) ~[?:?]
	at java.base/jdk.internal.reflect.DelegatingMethodAccessorImpl.invoke(DelegatingMethodAccessorImpl.java:43) ~[?:?]
	at java.base/java.lang.reflect.Method.invoke(Method.java:568) ~[?:?]
	at org.springframework.aop.support.AopUtils.invokeJoinpointUsingReflection(AopUtils.java:351) ~[spring-aop-6.1.3.jar:6.1.3]
	at org.springframework.aop.framework.ReflectiveMethodInvocation.invokeJoinpoint(ReflectiveMethodInvocation.java:196) ~[spring-aop-6.1.3.jar:6.1.3]
	at org.springframework.aop.framework.ReflectiveMethodInvocation.proceed(ReflectiveMethodInvocation.java:163) ~[spring-aop-6.1.3.jar:6.1.3]
	at org.springframework.aop.framework.CglibAopProxy$CglibMethodInvocation.proceed(CglibAopProxy.java:765) ~[spring-aop-6.1.3.jar:6.1.3]
	at org.springframework.aop.support.DelegatingIntroductionInterceptor.doProceed(DelegatingIntroductionInterceptor.java:137) ~[spring-aop-6.1.3.jar:6.1.3]
	at org.springframework.aop.support.DelegatingIntroductionInterceptor.invoke(DelegatingIntroductionInterceptor.java:124) ~[spring-aop-6.1.3.jar:6.1.3]
	at org.springframework.aop.framework.ReflectiveMethodInvocation.proceed(ReflectiveMethodInvocation.java:184) ~[spring-aop-6.1.3.jar:6.1.3]
	at org.springframework.aop.framework.CglibAopProxy$CglibMethodInvocation.proceed(CglibAopProxy.java:765) ~[spring-aop-6.1.3.jar:6.1.3]
	at org.springframework.aop.framework.CglibAopProxy$DynamicAdvisedInterceptor.intercept(CglibAopProxy.java:717) ~[spring-aop-6.1.3.jar:6.1.3]
	at org.springframework.batch.item.file.FlatFileItemReader$$SpringCGLIB$$0.read(<generated>) ~[spring-batch-infrastructure-5.1.0.jar:5.1.0]
	at org.springframework.batch.core.step.item.SimpleChunkProvider.doRead(SimpleChunkProvider.java:108) ~[spring-batch-core-5.1.0.jar:5.1.0]
	at org.springframework.batch.core.step.item.SimpleChunkProvider.read(SimpleChunkProvider.java:182) ~[spring-batch-core-5.1.0.jar:5.1.0]
	at org.springframework.batch.core.step.item.SimpleChunkProvider.lambda$provide$0(SimpleChunkProvider.java:132) ~[spring-batch-core-5.1.0.jar:5.1.0]
	at org.springframework.batch.repeat.support.RepeatTemplate.getNextResult(RepeatTemplate.java:369) ~[spring-batch-infrastructure-5.1.0.jar:5.1.0]
	at org.springframework.batch.repeat.support.RepeatTemplate.executeInternal(RepeatTemplate.java:206) ~[spring-batch-infrastructure-5.1.0.jar:5.1.0]
	at org.springframework.batch.repeat.support.RepeatTemplate.iterate(RepeatTemplate.java:140) ~[spring-batch-infrastructure-5.1.0.jar:5.1.0]
	at org.springframework.batch.core.step.item.SimpleChunkProvider.provide(SimpleChunkProvider.java:127) ~[spring-batch-core-5.1.0.jar:5.1.0]
	at org.springframework.batch.core.step.item.ChunkOrientedTasklet.execute(ChunkOrientedTasklet.java:69) ~[spring-batch-core-5.1.0.jar:5.1.0]
	at org.springframework.batch.core.step.tasklet.TaskletStep$ChunkTransactionCallback.doInTransaction(TaskletStep.java:388) ~[spring-batch-core-5.1.0.jar:5.1.0]
	at org.springframework.batch.core.step.tasklet.TaskletStep$ChunkTransactionCallback.doInTransaction(TaskletStep.java:312) ~[spring-batch-core-5.1.0.jar:5.1.0]
	at org.springframework.transaction.support.TransactionTemplate.execute(TransactionTemplate.java:140) ~[spring-tx-6.1.3.jar:6.1.3]
	at org.springframework.batch.core.step.tasklet.TaskletStep$2.doInChunkContext(TaskletStep.java:255) ~[spring-batch-core-5.1.0.jar:5.1.0]
	at org.springframework.batch.core.scope.context.StepContextRepeatCallback.doInIteration(StepContextRepeatCallback.java:82) ~[spring-batch-core-5.1.0.jar:5.1.0]
	at org.springframework.batch.repeat.support.RepeatTemplate.getNextResult(RepeatTemplate.java:369) ~[spring-batch-infrastructure-5.1.0.jar:5.1.0]
	at org.springframework.batch.repeat.support.RepeatTemplate.executeInternal(RepeatTemplate.java:206) ~[spring-batch-infrastructure-5.1.0.jar:5.1.0]
	at org.springframework.batch.repeat.support.RepeatTemplate.iterate(RepeatTemplate.java:140) ~[spring-batch-infrastructure-5.1.0.jar:5.1.0]
	at org.springframework.batch.core.step.tasklet.TaskletStep.doExecute(TaskletStep.java:240) ~[spring-batch-core-5.1.0.jar:5.1.0]
	at org.springframework.batch.core.step.AbstractStep.execute(AbstractStep.java:229) ~[spring-batch-core-5.1.0.jar:5.1.0]
	at org.springframework.batch.core.job.SimpleStepHandler.handleStep(SimpleStepHandler.java:153) ~[spring-batch-core-5.1.0.jar:5.1.0]
	at org.springframework.batch.core.job.AbstractJob.handleStep(AbstractJob.java:418) ~[spring-batch-core-5.1.0.jar:5.1.0]
	at org.springframework.batch.core.job.SimpleJob.doExecute(SimpleJob.java:132) ~[spring-batch-core-5.1.0.jar:5.1.0]
	at org.springframework.batch.core.job.AbstractJob.execute(AbstractJob.java:317) ~[spring-batch-core-5.1.0.jar:5.1.0]
	at org.springframework.batch.core.launch.support.SimpleJobLauncher$1.run(SimpleJobLauncher.java:157) ~[spring-batch-core-5.1.0.jar:5.1.0]
	at org.springframework.core.task.SyncTaskExecutor.execute(SyncTaskExecutor.java:50) ~[spring-core-6.1.3.jar:6.1.3]
	at org.springframework.batch.core.launch.support.SimpleJobLauncher.run(SimpleJobLauncher.java:148) ~[spring-batch-core-5.1.0.jar:5.1.0]
	at org.springframework.batch.core.launch.support.TaskExecutorJobLauncher.run(TaskExecutorJobLauncher.java:59) ~[spring-batch-core-5.1.0.jar:5.1.0]
	at org.springframework.boot.autoconfigure.batch.JobLauncherApplicationRunner.execute(JobLauncherApplicationRunner.java:210) ~[spring-boot-autoconfigure-3.2.2.jar:3.2.2]
	at org.springframework.boot.autoconfigure.batch.JobLauncherApplicationRunner.executeLocalJobs(JobLauncherApplicationRunner.java:194) ~[spring-boot-autoconfigure-3.2.2.jar:3.2.2]
	at org.springframework.boot.autoconfigure.batch.JobLauncherApplicationRunner.launchJobFromProperties(JobLauncherApplicationRunner.java:174) ~[spring-boot-autoconfigure-3.2.2.jar:3.2.2]
	at org.springframework.boot.autoconfigure.batch.JobLauncherApplicationRunner.run(JobLauncherApplicationRunner.java:169) ~[spring-boot-autoconfigure-3.2.2.jar:3.2.2]
	at org.springframework.boot.autoconfigure.batch.JobLauncherApplicationRunner.run(JobLauncherApplicationRunner.java:164) ~[spring-boot-autoconfigure-3.2.2.jar:3.2.2]
	at org.springframework.boot.SpringApplication.lambda$callRunner$4(SpringApplication.java:786) ~[spring-boot-3.2.2.jar:3.2.2]
	at org.springframework.util.function.ThrowingConsumer$1.acceptWithException(ThrowingConsumer.java:83) ~[spring-core-6.1.3.jar:6.1.3]
	at org.springframework.util.function.ThrowingConsumer.accept(ThrowingConsumer.java:60) ~[spring-core-6.1.3.jar:6.1.3]
	at org.springframework.util.function.ThrowingConsumer$1.accept(ThrowingConsumer.java:88) ~[spring-core-6.1.3.jar:6.1.3]
	at org.springframework.boot.SpringApplication.callRunner(SpringApplication.java:798) ~[spring-boot-3.2.2.jar:3.2.2]
	at org.springframework.boot.SpringApplication.callRunner(SpringApplication.java:786) ~[spring-boot-3.2.2.jar:3.2.2]
	at org.springframework.boot.SpringApplication.lambda$callRunners$3(SpringApplication.java:774) ~[spring-boot-3.2.2.jar:3.2.2]
	at java.base/java.util.stream.ForEachOps$ForEachOp$OfRef.accept(ForEachOps.java:183) [?:?]
	at java.base/java.util.stream.SortedOps$SizedRefSortingSink.end(SortedOps.java:357) [?:?]
	at java.base/java.util.stream.AbstractPipeline.copyInto(AbstractPipeline.java:510) [?:?]
	at java.base/java.util.stream.AbstractPipeline.wrapAndCopyInto(AbstractPipeline.java:499) [?:?]
	at java.base/java.util.stream.ForEachOps$ForEachOp.evaluateSequential(ForEachOps.java:150) [?:?]
	at java.base/java.util.stream.ForEachOps$ForEachOp$OfRef.evaluateSequential(ForEachOps.java:173) [?:?]
	at java.base/java.util.stream.AbstractPipeline.evaluate(AbstractPipeline.java:234) [?:?]
	at java.base/java.util.stream.ReferencePipeline.forEach(ReferencePipeline.java:596) [?:?]
	at org.springframework.boot.SpringApplication.callRunners(SpringApplication.java:774) [spring-boot-3.2.2.jar:3.2.2]
	at org.springframework.boot.SpringApplication.run(SpringApplication.java:341) [spring-boot-3.2.2.jar:3.2.2]
	at org.springframework.boot.SpringApplication.run(SpringApplication.java:1354) [spring-boot-3.2.2.jar:3.2.2]
	at org.springframework.boot.SpringApplication.run(SpringApplication.java:1343) [spring-boot-3.2.2.jar:3.2.2]
	at com.tiagobarbosa.springbatchtests.SpringBatchTestsApplication.main(SpringBatchTestsApplication.java:10) [classes/:?]
Caused by: org.springframework.batch.item.file.transform.IncorrectLineLengthException: Line is shorter than max range 43
	at org.springframework.batch.item.file.transform.FixedLengthTokenizer.doTokenize(FixedLengthTokenizer.java:105) ~[spring-batch-infrastructure-5.1.0.jar:5.1.0]
	at org.springframework.batch.item.file.transform.AbstractLineTokenizer.tokenize(AbstractLineTokenizer.java:121) ~[spring-batch-infrastructure-5.1.0.jar:5.1.0]
	at org.springframework.batch.item.file.mapping.DefaultLineMapper.mapLine(DefaultLineMapper.java:42) ~[spring-batch-infrastructure-5.1.0.jar:5.1.0]
	at org.springframework.batch.item.file.FlatFileItemReader.doRead(FlatFileItemReader.java:194) ~[spring-batch-infrastructure-5.1.0.jar:5.1.0]
	... 66 more
Step: [readFileFixedWidthStep] executed in 53ms
Job: [SimpleJob: [name=FirstJob!!]] completed with the following parameters: [{'run.id':'{value=8, type=class java.lang.Long, identifying=true}','clientsFile':'{value=file:files/clients.txt, type=class java.lang.String, identifying=true}'}] and the following status: [FAILED] in 317ms
HikariPool-1 - Shutdown initiated...
HikariPool-1 - Shutdown completed.
Starting SpringBatchTestsApplication using Java 17.0.10 with PID 27116 (C:\Users\tiago\workspace\personal\spring-batch-tests\target\classes started by tiago in C:\Users\tiago\workspace\personal\spring-batch-tests)
No active profile set, falling back to 1 default profile: "default"
@Bean method PropsConfig.config is non-static and returns an object assignable to Spring's BeanFactoryPostProcessor interface. This will result in a failure to process annotations such as @Autowired, @Resource and @PostConstruct within the method's declaring @Configuration class. Add the 'static' modifier to this method to avoid these container lifecycle issues; see @Bean javadoc for complete details.
Bean 'dataSourceConfig' of type [com.tiagobarbosa.springbatchtests.config.DataSourceConfig$$SpringCGLIB$$0] is not eligible for getting processed by all BeanPostProcessors (for example: not eligible for auto-proxying). Is this bean getting eagerly injected into a currently created BeanPostProcessor [jobRegistryBeanPostProcessor]? Check the corresponding BeanPostProcessor declaration and its dependencies.
Bean 'springDataSource' of type [com.zaxxer.hikari.HikariDataSource] is not eligible for getting processed by all BeanPostProcessors (for example: not eligible for auto-proxying). Is this bean getting eagerly injected into a currently created BeanPostProcessor [jobRegistryBeanPostProcessor]? Check the corresponding BeanPostProcessor declaration and its dependencies.
Bean 'org.springframework.boot.autoconfigure.jdbc.DataSourceTransactionManagerAutoConfiguration$JdbcTransactionManagerConfiguration' of type [org.springframework.boot.autoconfigure.jdbc.DataSourceTransactionManagerAutoConfiguration$JdbcTransactionManagerConfiguration] is not eligible for getting processed by all BeanPostProcessors (for example: not eligible for auto-proxying). Is this bean getting eagerly injected into a currently created BeanPostProcessor [jobRegistryBeanPostProcessor]? Check the corresponding BeanPostProcessor declaration and its dependencies.
Bean 'org.springframework.boot.autoconfigure.transaction.TransactionManagerCustomizationAutoConfiguration' of type [org.springframework.boot.autoconfigure.transaction.TransactionManagerCustomizationAutoConfiguration] is not eligible for getting processed by all BeanPostProcessors (for example: not eligible for auto-proxying). Is this bean getting eagerly injected into a currently created BeanPostProcessor [jobRegistryBeanPostProcessor]? Check the corresponding BeanPostProcessor declaration and its dependencies.
Bean 'transactionExecutionListeners' of type [org.springframework.boot.autoconfigure.transaction.ExecutionListenersTransactionManagerCustomizer] is not eligible for getting processed by all BeanPostProcessors (for example: not eligible for auto-proxying). Is this bean getting eagerly injected into a currently created BeanPostProcessor [jobRegistryBeanPostProcessor]? Check the corresponding BeanPostProcessor declaration and its dependencies.
Bean 'spring.transaction-org.springframework.boot.autoconfigure.transaction.TransactionProperties' of type [org.springframework.boot.autoconfigure.transaction.TransactionProperties] is not eligible for getting processed by all BeanPostProcessors (for example: not eligible for auto-proxying). Is this bean getting eagerly injected into a currently created BeanPostProcessor [jobRegistryBeanPostProcessor]? Check the corresponding BeanPostProcessor declaration and its dependencies.
Bean 'platformTransactionManagerCustomizers' of type [org.springframework.boot.autoconfigure.transaction.TransactionManagerCustomizers] is not eligible for getting processed by all BeanPostProcessors (for example: not eligible for auto-proxying). Is this bean getting eagerly injected into a currently created BeanPostProcessor [jobRegistryBeanPostProcessor]? Check the corresponding BeanPostProcessor declaration and its dependencies.
Bean 'transactionManager' of type [org.springframework.jdbc.support.JdbcTransactionManager] is not eligible for getting processed by all BeanPostProcessors (for example: not eligible for auto-proxying). Is this bean getting eagerly injected into a currently created BeanPostProcessor [jobRegistryBeanPostProcessor]? Check the corresponding BeanPostProcessor declaration and its dependencies.
Bean 'spring.batch-org.springframework.boot.autoconfigure.batch.BatchProperties' of type [org.springframework.boot.autoconfigure.batch.BatchProperties] is not eligible for getting processed by all BeanPostProcessors (for example: not eligible for auto-proxying). Is this bean getting eagerly injected into a currently created BeanPostProcessor [jobRegistryBeanPostProcessor]? Check the corresponding BeanPostProcessor declaration and its dependencies.
Bean 'org.springframework.boot.autoconfigure.batch.BatchAutoConfiguration$SpringBootBatchConfiguration' of type [org.springframework.boot.autoconfigure.batch.BatchAutoConfiguration$SpringBootBatchConfiguration] is not eligible for getting processed by all BeanPostProcessors (for example: not eligible for auto-proxying). The currently created BeanPostProcessor [jobRegistryBeanPostProcessor] is declared through a non-static factory method on that class; consider declaring it as static instead.
HikariPool-1 - Starting...
HikariPool-1 - Added connection com.mysql.cj.jdbc.ConnectionImpl@673c4f6e
HikariPool-1 - Start completed.
Started SpringBatchTestsApplication in 1.227 seconds (process running for 1.737)
Job: [SimpleJob: [name=FirstJob!!]] launched with the following parameters: [{'run.id':'{value=9, type=class java.lang.Long, identifying=true}','clientsFile':'{value=file:files/clients.txt, type=class java.lang.String, identifying=true}'}]
Executing step: [FirstStep!!!]
Step: [FirstStep!!!] executed in 36ms
Executing step: [imprimeParImparStep]
Step: [imprimeParImparStep] executed in 52ms
Executing step: [readFileFixedWidthStep]
Step: [readFileFixedWidthStep] executed in 91ms
Job: [SimpleJob: [name=FirstJob!!]] completed with the following parameters: [{'run.id':'{value=9, type=class java.lang.Long, identifying=true}','clientsFile':'{value=file:files/clients.txt, type=class java.lang.String, identifying=true}'}] and the following status: [COMPLETED] in 316ms
HikariPool-1 - Shutdown initiated...
HikariPool-1 - Shutdown completed.
